2015-05-23 14:04:10 Error: Fatal Error (1): Call to undefined method Cake\Core\App::import() in [D:\wamp\www\pairs\src\Controller\ModulesController.php, line 575]
Trace:
Cake\Error\BaseErrorHandler::handleFatalError() - CORE\src\Error\BaseErrorHandler.php, line 191
Cake\Error\BaseErrorHandler::Cake\Error\{closure}() - CORE\src\Error\BaseErrorHandler.php, line 90
[main] - [internal], line ??



2015-05-23 14:04:10 Error: [Cake\Error\FatalErrorException] Call to undefined method Cake\Core\App::import()
Request URL: /pairs/modules/delete/3
Stack Trace:
#0 D:\wamp\www\pairs\vendor\cakephp\cakephp\src\Error\BaseErrorHandler.php(90): Cake\Error\BaseErrorHandler->handleFatalError(1, 'Call to undefin...', 'D:\\wamp\\www\\pai...', 575)
#1 [internal function]: Cake\Error\BaseErrorHandler->Cake\Error\{closure}()
#2 {main}


2015-05-23 14:04:28 Error: Fatal Error (1): Call to undefined method Cake\Core\App::import() in [D:\wamp\www\pairs\src\Controller\ModulesController.php, line 578]
Trace:
Cake\Error\BaseErrorHandler::handleFatalError() - CORE\src\Error\BaseErrorHandler.php, line 191
Cake\Error\BaseErrorHandler::Cake\Error\{closure}() - CORE\src\Error\BaseErrorHandler.php, line 90
[main] - [internal], line ??



2015-05-23 14:04:29 Error: [Cake\Error\FatalErrorException] Call to undefined method Cake\Core\App::import()
Request URL: /pairs/modules/delete/3
Stack Trace:
#0 D:\wamp\www\pairs\vendor\cakephp\cakephp\src\Error\BaseErrorHandler.php(90): Cake\Error\BaseErrorHandler->handleFatalError(1, 'Call to undefin...', 'D:\\wamp\\www\\pai...', 578)
#1 [internal function]: Cake\Error\BaseErrorHandler->Cake\Error\{closure}()
#2 {main}


2015-05-23 14:05:15 Error: Fatal Error (4): syntax error, unexpected '$questionnaire' (T_VARIABLE) in [D:\wamp\www\pairs\src\Controller\ModulesController.php, line 579]
Trace:
Cake\Error\BaseErrorHandler::handleFatalError() - CORE\src\Error\BaseErrorHandler.php, line 191
Cake\Error\BaseErrorHandler::Cake\Error\{closure}() - CORE\src\Error\BaseErrorHandler.php, line 90
[main] - [internal], line ??



2015-05-23 14:05:15 Error: [Cake\Error\FatalErrorException] syntax error, unexpected '$questionnaire' (T_VARIABLE)
Request URL: /pairs/modules/delete/3
Stack Trace:
#0 D:\wamp\www\pairs\vendor\cakephp\cakephp\src\Error\BaseErrorHandler.php(90): Cake\Error\BaseErrorHandler->handleFatalError(4, 'syntax error, u...', 'D:\\wamp\\www\\pai...', 579)
#1 [internal function]: Cake\Error\BaseErrorHandler->Cake\Error\{closure}()
#2 {main}


2015-05-23 14:05:28 Error: Fatal Error (1): Class 'App\Controller\ClassRegistry' not found in [D:\wamp\www\pairs\src\Controller\ModulesController.php, line 578]
Trace:
Cake\Error\BaseErrorHandler::handleFatalError() - CORE\src\Error\BaseErrorHandler.php, line 191
Cake\Error\BaseErrorHandler::Cake\Error\{closure}() - CORE\src\Error\BaseErrorHandler.php, line 90
[main] - [internal], line ??



2015-05-23 14:05:29 Error: [Cake\Error\FatalErrorException] Class 'App\Controller\ClassRegistry' not found
Request URL: /pairs/modules/delete/3
Stack Trace:
#0 D:\wamp\www\pairs\vendor\cakephp\cakephp\src\Error\BaseErrorHandler.php(90): Cake\Error\BaseErrorHandler->handleFatalError(1, 'Class 'App\\Cont...', 'D:\\wamp\\www\\pai...', 578)
#1 [internal function]: Cake\Error\BaseErrorHandler->Cake\Error\{closure}()
#2 {main}


2015-05-23 14:06:38 Error: Fatal Error (1): Class 'App\Controller\Questionnaires' not found in [D:\wamp\www\pairs\src\Controller\ModulesController.php, line 578]
Trace:
Cake\Error\BaseErrorHandler::handleFatalError() - CORE\src\Error\BaseErrorHandler.php, line 191
Cake\Error\BaseErrorHandler::Cake\Error\{closure}() - CORE\src\Error\BaseErrorHandler.php, line 90
[main] - [internal], line ??



2015-05-23 14:06:38 Error: [Cake\Error\FatalErrorException] Class 'App\Controller\Questionnaires' not found
Request URL: /pairs/modules/delete/3
Stack Trace:
#0 D:\wamp\www\pairs\vendor\cakephp\cakephp\src\Error\BaseErrorHandler.php(90): Cake\Error\BaseErrorHandler->handleFatalError(1, 'Class 'App\\Cont...', 'D:\\wamp\\www\\pai...', 578)
#1 [internal function]: Cake\Error\BaseErrorHandler->Cake\Error\{closure}()
#2 {main}


